  main.cpp
C:\Projects\Destruction\Destruction Loader\examples\example_win32_directx11\Inject\Injector.hpp(71,70): warning C4100: FileSize: неиспользованный формальный параметр
C:\Projects\Destruction\Destruction Loader\examples\example_win32_directx11\Features\License\License.hpp(25,18): warning C4458: объявление "features" скрывает член класса
C:\Projects\Destruction\Destruction Loader\examples\example_win32_directx11\Features\License\License.hpp(13,48): message : см. объявление "Features::License::features"
C:\libs\md5cpp\include\md5.cpp(199,24): warning C4244: =: преобразование "MD5_u32" в "unsigned char", возможна потеря данных
C:\libs\md5cpp\include\md5.cpp(200,29): warning C4244: =: преобразование "MD5_u32" в "unsigned char", возможна потеря данных
C:\libs\md5cpp\include\md5.cpp(201,29): warning C4244: =: преобразование "MD5_u32" в "unsigned char", возможна потеря данных
C:\libs\md5cpp\include\md5.cpp(203,24): warning C4244: =: преобразование "MD5_u32" в "unsigned char", возможна потеря данных
C:\libs\md5cpp\include\md5.cpp(204,29): warning C4244: =: преобразование "MD5_u32" в "unsigned char", возможна потеря данных
C:\libs\md5cpp\include\md5.cpp(205,29): warning C4244: =: преобразование "MD5_u32" в "unsigned char", возможна потеря данных
C:\libs\md5cpp\include\md5.cpp(208,18): warning C4244: =: преобразование "MD5_u32" в "unsigned char", возможна потеря данных
C:\libs\md5cpp\include\md5.cpp(209,22): warning C4244: =: преобразование "MD5_u32" в "unsigned char", возможна потеря данных
C:\libs\md5cpp\include\md5.cpp(210,22): warning C4244: =: преобразование "MD5_u32" в "unsigned char", возможна потеря данных
C:\libs\md5cpp\include\md5.cpp(212,18): warning C4244: =: преобразование "MD5_u32" в "unsigned char", возможна потеря данных
C:\libs\md5cpp\include\md5.cpp(213,22): warning C4244: =: преобразование "MD5_u32" в "unsigned char", возможна потеря данных
C:\libs\md5cpp\include\md5.cpp(214,22): warning C4244: =: преобразование "MD5_u32" в "unsigned char", возможна потеря данных
C:\libs\md5cpp\include\md5.cpp(216,18): warning C4244: =: преобразование "MD5_u32" в "unsigned char", возможна потеря данных
C:\libs\md5cpp\include\md5.cpp(217,22): warning C4244: =: преобразование "MD5_u32" в "unsigned char", возможна потеря данных
C:\libs\md5cpp\include\md5.cpp(218,23): warning C4244: =: преобразование "MD5_u32" в "unsigned char", возможна потеря данных
C:\libs\md5cpp\include\md5.cpp(220,19): warning C4244: =: преобразование "MD5_u32" в "unsigned char", возможна потеря данных
C:\libs\md5cpp\include\md5.cpp(221,23): warning C4244: =: преобразование "MD5_u32" в "unsigned char", возможна потеря данных
C:\libs\md5cpp\include\md5.cpp(222,23): warning C4244: =: преобразование "MD5_u32" в "unsigned char", возможна потеря данных
C:\libs\md5cpp\include\md5.cpp(237,25): warning C4267: аргумент: преобразование из "size_t" в "unsigned long"; возможна потеря данных
C:\libs\md5cpp\include\md5.cpp(262,24): warning C4267: аргумент: преобразование из "size_t" в "unsigned long"; возможна потеря данных
C:\Projects\Destruction\Destruction Loader\examples\example_win32_directx11\main.h(158,17): warning C4189: style: локальная переменная инициализирована, но не использована
C:\Projects\Destruction\Destruction Loader\examples\example_win32_directx11\main.h(172,68): warning C4244: аргумент: преобразование "float" в "int", возможна потеря данных
C:\Projects\Destruction\Destruction Loader\examples\example_win32_directx11\main.h(172,34): warning C4244: аргумент: преобразование "float" в "int", возможна потеря данных
C:\Projects\Destruction\Destruction Loader\examples\example_win32_directx11\main.cpp(70,13): warning C4311: reinterpret_cast: усечение указателя из "HINSTANCE" в "int"
C:\Projects\Destruction\Destruction Loader\examples\example_win32_directx11\main.cpp(70,13): warning C4302: reinterpret_cast: усечение из "HINSTANCE" к "int"
C:\Projects\Destruction\Destruction Loader\examples\example_win32_directx11\main.cpp(172,89): warning C4244: -=: преобразование "float" в "int", возможна потеря данных
C:\Projects\Destruction\Destruction Loader\examples\example_win32_directx11\main.cpp(180,64): warning C4244: аргумент: преобразование "int" в "BYTE", возможна потеря данных
C:\Projects\Destruction\Destruction Loader\examples\example_win32_directx11\main.cpp(445,36): warning C4456: объявление "msg" скрывает предыдущее локальное объявление
C:\Projects\Destruction\Destruction Loader\examples\example_win32_directx11\main.cpp(129,13): message : см. объявление "msg"
C:\Projects\Destruction\Destruction Loader\examples\example_win32_directx11\main.cpp(12,88): warning C4100: nCmdShow: неиспользованный формальный параметр
C:\Projects\Destruction\Destruction Loader\examples\example_win32_directx11\main.cpp(12,73): warning C4100: lpCmdLine: неиспользованный формальный параметр
C:\Projects\Destruction\Destruction Loader\examples\example_win32_directx11\main.cpp(12,53): warning C4100: hPrevInstance: неиспользованный формальный параметр
C:\Projects\Destruction\Destruction Loader\examples\example_win32_directx11\main.cpp(123,10): warning C4189: show_demo_window: локальная переменная инициализирована, но не использована
C:\Projects\Destruction\Destruction Loader\examples\example_win32_directx11\main.cpp(124,10): warning C4189: show_another_window: локальная переменная инициализирована, но не использована
C:\libs\toml\single_include\toml.hpp(13415,22): warning C4459: объявление "tabs" скрывает глобальное объявление
C:\Projects\Destruction\Destruction Loader\examples\example_win32_directx11\main.h(82,5): message : см. объявление "tabs"
C:\libs\toml\single_include\toml.hpp(15414,15): message : выполняется компиляция ссылки на экземпляр шаблон функции "std::optional<toml::detail::multiline_spacer<toml::type_config>> toml::detail::skip_multiline_spacer<toml::type_config>(toml::detail::location &,toml::detail::context<toml::type_config> &,const bool)"
C:\libs\toml\single_include\toml.hpp(14772,18): warning C4459: объявление "key" скрывает глобальное объявление
C:\Projects\Destruction\Destruction Loader\examples\example_win32_directx11\main.h(84,6): message : см. объявление "key"
C:\libs\toml\single_include\toml.hpp(15483,17): message : выполняется компиляция ссылки на экземпляр шаблон функции "toml::result<toml::basic_value<toml::type_config>,std::vector<toml::error_info,std::allocator<toml::error_info>>> toml::detail::parse_file<toml::type_config>(toml::detail::location &,toml::detail::context<toml::type_config> &)"
C:\libs\toml\single_include\toml.hpp(14859,18): warning C4459: объявление "key" скрывает глобальное объявление
C:\Projects\Destruction\Destruction Loader\examples\example_win32_directx11\main.h(84,6): message : см. объявление "key"
C:\libs\toml\single_include\toml.hpp(13725,21): warning C4459: объявление "key" скрывает глобальное объявление
C:\Projects\Destruction\Destruction Loader\examples\example_win32_directx11\main.h(84,6): message : см. объявление "key"
C:\libs\toml\single_include\toml.hpp(14819,29): message : выполняется компиляция ссылки на экземпляр шаблон функции "toml::result<toml::basic_value<toml::type_config> *,toml::error_info> toml::detail::insert_value<toml::type_config>(const toml::detail::inserting_value_kind,std::unordered_map<std::basic_string<char,std::char_traits<char>,std::allocator<char>>,toml::basic_value<toml::type_config>,std::hash<std::basic_string<char,std::char_traits<char>,std::allocator<char>>>,std::equal_to<std::basic_string<char,std::char_traits<char>,std::allocator<char>>>,std::allocator<std::pair<const std::basic_string<char,std::char_traits<char>,std::allocator<char>>,toml::basic_value<toml::type_config>>>> *,const std::vector<std::string,std::allocator<std::string>> &,toml::detail::region,toml::basic_value<toml::type_config>)"
C:\libs\toml\single_include\toml.hpp(15483,17): message : выполняется компиляция ссылки на экземпляр шаблон функции "toml::result<toml::basic_value<toml::type_config>,std::vector<toml::error_info,std::allocator<toml::error_info>>> toml::detail::parse_file<toml::type_config>(toml::detail::location &,toml::detail::context<toml::type_config> &)"
C:\libs\toml\single_include\toml.hpp(7376,52): warning C4459: объявление "key" скрывает глобальное объявление
C:\Projects\Destruction\Destruction Loader\examples\example_win32_directx11\main.h(84,6): message : см. объявление "key"
C:\libs\toml\single_include\toml.hpp(7376,10): message : во время компиляции функции-члена класс шаблон "void toml::basic_value<toml::type_config>::throw_key_not_found_error(const std::basic_string<char,std::char_traits<char>,std::allocator<char>> &) const"
C:\libs\toml\single_include\toml.hpp(7161,44): message : см. первую ссылку на "toml::basic_value<toml::type_config>::throw_key_not_found_error" в "toml::basic_value<toml::type_config>::at"
C:\libs\toml\single_include\toml.hpp(13861,33): message : см. первую ссылку на "toml::basic_value<toml::type_config>::at" в "toml::detail::insert_value"
C:\libs\toml\single_include\toml.hpp(8055,41): message : выполняется компиляция ссылки на экземпляр класс шаблон функции "toml::basic_value<toml::type_config>"
C:\libs\toml\single_include\toml.hpp(13277,14): warning C4459: объявление "key" скрывает глобальное объявление
C:\Projects\Destruction\Destruction Loader\examples\example_win32_directx11\main.h(84,6): message : см. объявление "key"
C:\libs\toml\single_include\toml.hpp(14586,21): message : выполняется компиляция ссылки на экземпляр шаблон функции "toml::result<std::pair<std::vector<std::string,std::allocator<std::string>>,toml::detail::region>,toml::error_info> toml::detail::parse_key<toml::type_config>(toml::detail::location &,const toml::detail::context<toml::type_config> &)"
C:\libs\toml\single_include\toml.hpp(14770,27): message : выполняется компиляция ссылки на экземпляр шаблон функции "toml::result<std::pair<std::vector<std::string,std::allocator<std::string>>,toml::detail::region>,toml::error_info> toml::detail::parse_array_table_key<toml::type_config>(toml::detail::location &,toml::detail::context<toml::type_config> &)"
LINK : warning LNK4098: библиотека по умолчанию "LIBCMT" конфликтует с использованием других библиотек; используйте /NODEFAULTLIB:library
  Создание кода
  1 of 7131 functions (<0.1%) were compiled, the rest were copied from previous compilation.
    0 functions were new in current compilation
    61 functions had inline decision re-evaluated but remain unchanged
  Создание кода завершено
  example_win32_directx11.vcxproj -> C:\Projects\Destruction\Destruction Loader\examples\example_win32_directx11\Release\Loader.exe
