d:\projects\destruction loader\examples\example_win32_directx11\release\vc142.pdb
d:\projects\destruction loader\examples\example_win32_directx11\release\utils.obj
d:\projects\destruction loader\examples\example_win32_directx11\release\errorhandler.obj
d:\projects\destruction loader\examples\example_win32_directx11\release\client.obj
d:\projects\destruction loader\examples\example_win32_directx11\release\main.obj
d:\projects\destruction loader\examples\example_win32_directx11\release\injector.obj
d:\projects\destruction loader\examples\example_win32_directx11\release\license.obj
d:\projects\destruction loader\examples\example_win32_directx11\release\configmanager.obj
d:\projects\destruction loader\examples\example_win32_directx11\release\imgui_impl_win32.obj
d:\projects\destruction loader\examples\example_win32_directx11\release\imgui_impl_dx11.obj
d:\projects\destruction loader\examples\example_win32_directx11\release\imgui_widgets.obj
d:\projects\destruction loader\examples\example_win32_directx11\release\imgui_tables.obj
d:\projects\destruction loader\examples\example_win32_directx11\release\imgui_draw.obj
d:\projects\destruction loader\examples\example_win32_directx11\release\imgui_demo.obj
d:\projects\destruction loader\examples\example_win32_directx11\release\imgui.obj
d:\projects\destruction loader\examples\example_win32_directx11\release\loader.ipdb
d:\projects\destruction loader\examples\example_win32_directx11\release\loader.iobj
d:\projects\destruction loader\examples\example_win32_directx11\release\loader.exe
d:\projects\destruction loader\examples\example_win32_directx11\release\loader.pdb
d:\projects\destruction loader\examples\example_win32_directx11\release\example_win32_directx11.res
d:\projects\destruction loader\examples\example_win32_directx11\release\example_.9f316e83.tlog\cl.command.1.tlog
d:\projects\destruction loader\examples\example_win32_directx11\release\example_.9f316e83.tlog\cl.read.1.tlog
d:\projects\destruction loader\examples\example_win32_directx11\release\example_.9f316e83.tlog\cl.write.1.tlog
d:\projects\destruction loader\examples\example_win32_directx11\release\example_.9f316e83.tlog\example_win32_directx11.write.1u.tlog
d:\projects\destruction loader\examples\example_win32_directx11\release\example_.9f316e83.tlog\link.command.1.tlog
d:\projects\destruction loader\examples\example_win32_directx11\release\example_.9f316e83.tlog\link.read.1.tlog
d:\projects\destruction loader\examples\example_win32_directx11\release\example_.9f316e83.tlog\link.write.1.tlog
d:\projects\destruction loader\examples\example_win32_directx11\release\example_.9f316e83.tlog\rc.command.1.tlog
d:\projects\destruction loader\examples\example_win32_directx11\release\example_.9f316e83.tlog\rc.read.1.tlog
d:\projects\destruction loader\examples\example_win32_directx11\release\example_.9f316e83.tlog\rc.write.1.tlog
